Info: Starting: Create block symbol file (.bsf)
Info: ip-generate --project-directory=D:/DSD/DigitalSystemDesign/ --output-directory=D:/DSD/DigitalSystemDesign/first_nios2_system/ --report-file=bsf:D:/DSD/DigitalSystemDesign/first_nios2_system.bsf --system-info=DEVICE_FAMILY="Cyclone IV E" --system-info=DEVICE=Unknown --system-info=DEVICE_SPEEDGRADE=Unknown --component-file=D:/DSD/DigitalSystemDesign/first_nios2_system.qsys
Progress: Loading DigitalSystemDesign/first_nios2_system.qsys
Progress: Reading input file
Progress: Adding clk_0 [clock_source 13.1]
Progress: Parameterizing module clk_0
Progress: Adding onchip_mem [altera_avalon_onchip_memory2 13.1]
Progress: Parameterizing module onchip_mem
Progress: Adding cpu [altera_nios2_qsys 13.1]
Progress: Parameterizing module cpu
Progress: Adding jtag_uart [altera_avalon_jtag_uart 13.1]
Progress: Parameterizing module jtag_uart
Progress: Adding sys_clk_timer [altera_avalon_timer 13.1]
Progress: Parameterizing module sys_clk_timer
Progress: Adding sysid [altera_avalon_sysid_qsys 13.1]
Progress: Parameterizing module sysid
Progress: Adding led_pio [altera_avalon_pio 13.1]
Progress: Parameterizing module led_pio
Progress: Building connections
Progress: Parameterizing connections
Progress: Validating
Progress: Done reading input file
Info: first_nios2_system.sysid: System ID is not assigned automatically. Edit the System ID parameter to provide a unique ID
Info: first_nios2_system.sysid: Time stamp will be automatically updated when this component is generated.
Info: ip-generate succeeded.
Info: Finished: Create block symbol file (.bsf)
Info: 
Info: Starting: Create HDL design files for synthesis
Info: ip-generate --project-directory=D:/DSD/DigitalSystemDesign/ --output-directory=D:/DSD/DigitalSystemDesign/first_nios2_system/synthesis/ --file-set=QUARTUS_SYNTH --report-file=html:D:/DSD/DigitalSystemDesign/first_nios2_system.html --report-file=sopcinfo:D:/DSD/DigitalSystemDesign/first_nios2_system.sopcinfo --report-file=cmp:D:/DSD/DigitalSystemDesign/first_nios2_system.cmp --report-file=qip:D:/DSD/DigitalSystemDesign/first_nios2_system/synthesis/first_nios2_system.qip --report-file=svd --report-file=regmap:D:/DSD/DigitalSystemDesign/first_nios2_system/synthesis/first_nios2_system.regmap --report-file=debuginfo:D:/DSD/DigitalSystemDesign/first_nios2_system/synthesis/first_nios2_system.debuginfo --system-info=DEVICE_FAMILY="Cyclone IV E" --system-info=DEVICE=Unknown --system-info=DEVICE_SPEEDGRADE=Unknown --component-file=D:/DSD/DigitalSystemDesign/first_nios2_system.qsys --language=VERILOG
Progress: Loading DigitalSystemDesign/first_nios2_system.qsys
Progress: Reading input file
Progress: Adding clk_0 [clock_source 13.1]
Progress: Parameterizing module clk_0
Progress: Adding onchip_mem [altera_avalon_onchip_memory2 13.1]
Progress: Parameterizing module onchip_mem
Progress: Adding cpu [altera_nios2_qsys 13.1]
Progress: Parameterizing module cpu
Progress: Adding jtag_uart [altera_avalon_jtag_uart 13.1]
Progress: Parameterizing module jtag_uart
Progress: Adding sys_clk_timer [altera_avalon_timer 13.1]
Progress: Parameterizing module sys_clk_timer
Progress: Adding sysid [altera_avalon_sysid_qsys 13.1]
Progress: Parameterizing module sysid
Progress: Adding led_pio [altera_avalon_pio 13.1]
Progress: Parameterizing module led_pio
Progress: Building connections
Progress: Parameterizing connections
Progress: Validating
Progress: Done reading input file
Info: first_nios2_system.sysid: System ID is not assigned automatically. Edit the System ID parameter to provide a unique ID
Info: first_nios2_system.sysid: Time stamp will be automatically updated when this component is generated.
Info: first_nios2_system: Generating first_nios2_system "first_nios2_system" for QUARTUS_SYNTH
Info: pipeline_bridge_swap_transform: After transform: 7 modules, 21 connections
Info: No custom instruction connections, skipping transform 
Info: merlin_initial_interconnect_transform: After transform: 7 modules, 19 connections
Info: merlin_translator_transform: After transform: 15 modules, 43 connections
Info: merlin_domain_transform: After transform: 30 modules, 122 connections
Info: merlin_router_transform: After transform: 38 modules, 146 connections
Info: merlin_traffic_limiter_transform: After transform: 39 modules, 150 connections
Info: merlin_network_to_switch_transform: After transform: 54 modules, 180 connections
Info: limiter_update_transform: After transform: 54 modules, 181 connections
Info: merlin_clock_and_reset_bridge_transform: After transform: 56 modules, 236 connections
Info: merlin_hierarchy_transform: After transform: 8 modules, 24 connections
Info: merlin_mm_transform: After transform: 8 modules, 24 connections
Info: merlin_interrupt_mapper_transform: After transform: 9 modules, 27 connections
Info: reset_adaptation_transform: After transform: 11 modules, 36 connections
Info: onchip_mem: Starting RTL generation for module 'first_nios2_system_onchip_mem'
Info: onchip_mem:   Generation command is [exec D:/altera/altera_lite/13.1/quartus/bin/perl/bin/perl.exe -I D:/altera/altera_lite/13.1/quartus/bin/perl/lib -I D:/altera/altera_lite/13.1/quartus/sopc_builder/bin/europa -I D:/altera/altera_lite/13.1/quartus/sopc_builder/bin/perl_lib -I D:/altera/altera_lite/13.1/quartus/sopc_builder/bin -I D:/altera/altera_lite/13.1/quartus/../ip/altera/sopc_builder_ip/common -I D:/altera/altera_lite/13.1/quartus/../ip/altera/sopc_builder_ip/altera_avalon_onchip_memory2 -- D:/altera/altera_lite/13.1/quartus/../ip/altera/sopc_builder_ip/altera_avalon_onchip_memory2/generate_rtl.pl --name=first_nios2_system_onchip_mem --dir=C:/Users/Michael/AppData/Local/Temp/alt6818_4297252192734819447.dir/0001_onchip_mem_gen/ --quartus_dir=D:/altera/altera_lite/13.1/quartus --verilog --config=C:/Users/Michael/AppData/Local/Temp/alt6818_4297252192734819447.dir/0001_onchip_mem_gen//first_nios2_system_onchip_mem_component_configuration.pl  --do_build_sim=0  ]
Info: onchip_mem: Done RTL generation for module 'first_nios2_system_onchip_mem'
Info: onchip_mem: "first_nios2_system" instantiated altera_avalon_onchip_memory2 "onchip_mem"
Info: cpu: Starting RTL generation for module 'first_nios2_system_cpu'
Info: cpu:   Generation command is [exec D:/altera/altera_lite/13.1/quartus/bin/eperlcmd.exe -I D:/altera/altera_lite/13.1/quartus/bin/perl/lib -I D:/altera/altera_lite/13.1/quartus/sopc_builder/bin/europa -I D:/altera/altera_lite/13.1/quartus/sopc_builder/bin/perl_lib -I D:/altera/altera_lite/13.1/quartus/sopc_builder/bin -I D:/altera/altera_lite/13.1/quartus/../ip/altera/nios2_ip/altera_nios2/cpu_lib -I D:/altera/altera_lite/13.1/quartus/../ip/altera/nios2_ip/altera_nios2/nios_lib -I D:/altera/altera_lite/13.1/quartus/../ip/altera/nios2_ip/altera_nios2 -I D:/altera/altera_lite/13.1/quartus/../ip/altera/nios2_ip/altera_nios2 -- D:/altera/altera_lite/13.1/quartus/../ip/altera/nios2_ip/altera_nios2/generate_rtl.epl --name=first_nios2_system_cpu --dir=C:/Users/Michael/AppData/Local/Temp/alt6818_4297252192734819447.dir/0002_cpu_gen/ --quartus_dir=D:/altera/altera_lite/13.1/quartus --verilog --config=C:/Users/Michael/AppData/Local/Temp/alt6818_4297252192734819447.dir/0002_cpu_gen//first_nios2_system_cpu_processor_configuration.pl  --do_build_sim=0  ]
Info: cpu: # 2016.01.18 22:26:34 (*) Starting Nios II generation
Info: cpu: # 2016.01.18 22:26:34 (*)   Checking for plaintext license.
Info: cpu: # 2016.01.18 22:26:34 (*)   Couldn't query license setup in Quartus directory D:/altera/altera_lite/13.1/quartus
Info: cpu: # 2016.01.18 22:26:34 (*)   Defaulting to contents of LM_LICENSE_FILE environment variable
Info: cpu: # 2016.01.18 22:26:34 (*)   LM_LICENSE_FILE environment variable is empty
Info: cpu: # 2016.01.18 22:26:34 (*)   Plaintext license not found.
Info: cpu: # 2016.01.18 22:26:34 (*)   Checking for encrypted license (non-evaluation).
Info: cpu: # 2016.01.18 22:26:35 (*)   Couldn't query license setup in Quartus directory D:/altera/altera_lite/13.1/quartus
Info: cpu: # 2016.01.18 22:26:35 (*)   Defaulting to contents of LM_LICENSE_FILE environment variable
Info: cpu: # 2016.01.18 22:26:35 (*)   LM_LICENSE_FILE environment variable is empty
Info: cpu: # 2016.01.18 22:26:35 (*)   Encrypted license not found.  Defaulting to OCP evaluation license (produces a time-limited SOF)
Info: cpu: # 2016.01.18 22:26:35 (*)   Elaborating CPU configuration settings
Info: cpu: # 2016.01.18 22:26:35 (*)   Creating all objects for CPU
Info: cpu: # 2016.01.18 22:26:36 (*)     Pipeline frontend
Info: cpu: # 2016.01.18 22:26:38 (*)   Generating RTL from CPU objects
Info: cpu: # 2016.01.18 22:26:41 (*)   Creating encrypted RTL
Info: cpu: # 2016.01.18 22:26:42 (*) Done Nios II generation
Info: cpu: Done RTL generation for module 'first_nios2_system_cpu'
Info: cpu: "first_nios2_system" instantiated altera_nios2_qsys "cpu"
Info: jtag_uart: Starting RTL generation for module 'first_nios2_system_jtag_uart'
Info: jtag_uart:   Generation command is [exec D:/altera/altera_lite/13.1/quartus/bin/perl/bin/perl.exe -I D:/altera/altera_lite/13.1/quartus/bin/perl/lib -I D:/altera/altera_lite/13.1/quartus/sopc_builder/bin/europa -I D:/altera/altera_lite/13.1/quartus/sopc_builder/bin/perl_lib -I D:/altera/altera_lite/13.1/quartus/sopc_builder/bin -I D:/altera/altera_lite/13.1/quartus/../ip/altera/sopc_builder_ip/common -I D:/altera/altera_lite/13.1/quartus/../ip/altera/sopc_builder_ip/altera_avalon_jtag_uart -- D:/altera/altera_lite/13.1/quartus/../ip/altera/sopc_builder_ip/altera_avalon_jtag_uart/generate_rtl.pl --name=first_nios2_system_jtag_uart --dir=C:/Users/Michael/AppData/Local/Temp/alt6818_4297252192734819447.dir/0003_jtag_uart_gen/ --quartus_dir=D:/altera/altera_lite/13.1/quartus --verilog --config=C:/Users/Michael/AppData/Local/Temp/alt6818_4297252192734819447.dir/0003_jtag_uart_gen//first_nios2_system_jtag_uart_component_configuration.pl  --do_build_sim=0  ]
Info: jtag_uart: Done RTL generation for module 'first_nios2_system_jtag_uart'
Info: jtag_uart: "first_nios2_system" instantiated altera_avalon_jtag_uart "jtag_uart"
Info: sys_clk_timer: Starting RTL generation for module 'first_nios2_system_sys_clk_timer'
Info: sys_clk_timer:   Generation command is [exec D:/Altera/altera_lite/13.1/quartus/bin//perl/bin/perl.exe -I D:/Altera/altera_lite/13.1/quartus/bin//perl/lib -I D:/altera/altera_lite/13.1/quartus/sopc_builder/bin/europa -I D:/altera/altera_lite/13.1/quartus/sopc_builder/bin/perl_lib -I D:/altera/altera_lite/13.1/quartus/sopc_builder/bin -I D:/altera/altera_lite/13.1/quartus/../ip/altera/sopc_builder_ip/common -I D:/altera/altera_lite/13.1/quartus/../ip/altera/sopc_builder_ip/altera_avalon_timer -- D:/altera/altera_lite/13.1/quartus/../ip/altera/sopc_builder_ip/altera_avalon_timer/generate_rtl.pl --name=first_nios2_system_sys_clk_timer --dir=C:/Users/Michael/AppData/Local/Temp/alt6818_4297252192734819447.dir/0004_sys_clk_timer_gen/ --quartus_dir=D:/altera/altera_lite/13.1/quartus --verilog --config=C:/Users/Michael/AppData/Local/Temp/alt6818_4297252192734819447.dir/0004_sys_clk_timer_gen//first_nios2_system_sys_clk_timer_component_configuration.pl  --do_build_sim=0  ]
Info: sys_clk_timer: Done RTL generation for module 'first_nios2_system_sys_clk_timer'
Info: sys_clk_timer: "first_nios2_system" instantiated altera_avalon_timer "sys_clk_timer"
Info: sysid: "first_nios2_system" instantiated altera_avalon_sysid_qsys "sysid"
Info: led_pio: Starting RTL generation for module 'first_nios2_system_led_pio'
Info: led_pio:   Generation command is [exec D:/altera/altera_lite/13.1/quartus/bin/perl/bin/perl.exe -I D:/altera/altera_lite/13.1/quartus/bin/perl/lib -I D:/altera/altera_lite/13.1/quartus/sopc_builder/bin/europa -I D:/altera/altera_lite/13.1/quartus/sopc_builder/bin/perl_lib -I D:/altera/altera_lite/13.1/quartus/sopc_builder/bin -I D:/altera/altera_lite/13.1/quartus/../ip/altera/sopc_builder_ip/common -I D:/altera/altera_lite/13.1/quartus/../ip/altera/sopc_builder_ip/altera_avalon_pio -- D:/altera/altera_lite/13.1/quartus/../ip/altera/sopc_builder_ip/altera_avalon_pio/generate_rtl.pl --name=first_nios2_system_led_pio --dir=C:/Users/Michael/AppData/Local/Temp/alt6818_4297252192734819447.dir/0006_led_pio_gen/ --quartus_dir=D:/altera/altera_lite/13.1/quartus --verilog --config=C:/Users/Michael/AppData/Local/Temp/alt6818_4297252192734819447.dir/0006_led_pio_gen//first_nios2_system_led_pio_component_configuration.pl  --do_build_sim=0  ]
Info: led_pio: Done RTL generation for module 'first_nios2_system_led_pio'
Info: led_pio: "first_nios2_system" instantiated altera_avalon_pio "led_pio"
Info: pipeline_bridge_swap_transform: After transform: 49 modules, 162 connections
Info: No custom instruction connections, skipping transform 
Info: merlin_initial_interconnect_transform: After transform: 0 modules, 0 connections
Info: No Avalon connections, skipping transform 
Info: merlin_hierarchy_transform: After transform: 49 modules, 162 connections
Info: merlin_initial_interconnect_transform: After transform: 0 modules, 0 connections
Info: No Avalon connections, skipping transform 
Info: merlin_hierarchy_transform: After transform: 49 modules, 162 connections
Info: merlin_initial_interconnect_transform: After transform: 0 modules, 0 connections
Info: No Avalon connections, skipping transform 
Info: merlin_hierarchy_transform: After transform: 49 modules, 162 connections
Info: merlin_initial_interconnect_transform: After transform: 0 modules, 0 connections
Info: No Avalon connections, skipping transform 
Info: merlin_hierarchy_transform: After transform: 49 modules, 162 connections
Info: merlin_initial_interconnect_transform: After transform: 0 modules, 0 connections
Info: No Avalon connections, skipping transform 
Info: merlin_hierarchy_transform: After transform: 49 modules, 162 connections
Info: merlin_initial_interconnect_transform: After transform: 0 modules, 0 connections
Info: No Avalon connections, skipping transform 
Info: merlin_hierarchy_transform: After transform: 49 modules, 162 connections
Info: merlin_initial_interconnect_transform: After transform: 0 modules, 0 connections
Info: No Avalon connections, skipping transform 
Info: merlin_hierarchy_transform: After transform: 49 modules, 162 connections
Info: merlin_initial_interconnect_transform: After transform: 0 modules, 0 connections
Info: No Avalon connections, skipping transform 
Info: merlin_hierarchy_transform: After transform: 49 modules, 162 connections
Info: mm_interconnect_0: "first_nios2_system" instantiated altera_merlin_interconnect_wrapper "mm_interconnect_0"
Info: irq_mapper: "first_nios2_system" instantiated altera_irq_mapper "irq_mapper"
Info: rst_controller: "first_nios2_system" instantiated altera_reset_controller "rst_controller"
Info: cpu_instruction_master_translator: "mm_interconnect_0" instantiated altera_merlin_master_translator "cpu_instruction_master_translator"
Info: onchip_mem_s1_translator: "mm_interconnect_0" instantiated altera_merlin_slave_translator "onchip_mem_s1_translator"
Info: cpu_instruction_master_translator_avalon_universal_master_0_agent: "mm_interconnect_0" instantiated altera_merlin_master_agent "cpu_instruction_master_translator_avalon_universal_master_0_agent"
Info: onchip_mem_s1_translator_avalon_universal_slave_0_agent: "mm_interconnect_0" instantiated altera_merlin_slave_agent "onchip_mem_s1_translator_avalon_universal_slave_0_agent"
Info: onchip_mem_s1_translator_avalon_universal_slave_0_agent_rsp_fifo: "mm_interconnect_0" instantiated altera_avalon_sc_fifo "onchip_mem_s1_translator_avalon_universal_slave_0_agent_rsp_fifo"
Info: addr_router: "mm_interconnect_0" instantiated altera_merlin_router "addr_router"
Info: addr_router_001: "mm_interconnect_0" instantiated altera_merlin_router "addr_router_001"
Info: id_router: "mm_interconnect_0" instantiated altera_merlin_router "id_router"
Info: id_router_001: "mm_interconnect_0" instantiated altera_merlin_router "id_router_001"
Info: id_router_002: "mm_interconnect_0" instantiated altera_merlin_router "id_router_002"
Info: limiter: "mm_interconnect_0" instantiated altera_merlin_traffic_limiter "limiter"
Info: Reusing file D:/DSD/DigitalSystemDesign/first_nios2_system/synthesis/submodules/altera_avalon_sc_fifo.v
Info: cmd_xbar_demux: "mm_interconnect_0" instantiated altera_merlin_demultiplexer "cmd_xbar_demux"
Info: cmd_xbar_demux_001: "mm_interconnect_0" instantiated altera_merlin_demultiplexer "cmd_xbar_demux_001"
Info: cmd_xbar_mux: "mm_interconnect_0" instantiated altera_merlin_multiplexer "cmd_xbar_mux"
Info: cmd_xbar_mux_001: "mm_interconnect_0" instantiated altera_merlin_multiplexer "cmd_xbar_mux_001"
Info: Reusing file D:/DSD/DigitalSystemDesign/first_nios2_system/synthesis/submodules/altera_merlin_arbitrator.sv
Info: rsp_xbar_demux: "mm_interconnect_0" instantiated altera_merlin_demultiplexer "rsp_xbar_demux"
Info: rsp_xbar_demux_001: "mm_interconnect_0" instantiated altera_merlin_demultiplexer "rsp_xbar_demux_001"
Info: rsp_xbar_mux: "mm_interconnect_0" instantiated altera_merlin_multiplexer "rsp_xbar_mux"
Info: Reusing file D:/DSD/DigitalSystemDesign/first_nios2_system/synthesis/submodules/altera_merlin_arbitrator.sv
Info: rsp_xbar_mux_001: "mm_interconnect_0" instantiated altera_merlin_multiplexer "rsp_xbar_mux_001"
Info: Reusing file D:/DSD/DigitalSystemDesign/first_nios2_system/synthesis/submodules/altera_merlin_arbitrator.sv
Info: first_nios2_system: Done "first_nios2_system" with 29 modules, 47 files, 1112021 bytes
Info: ip-generate succeeded.
Info: Finished: Create HDL design files for synthesis
