MIF/HEX Update report for hello_world
Fri Jan 22 16:58:08 2016
Quartus II 64-Bit Version 13.1.0 Build 162 10/23/2013 SJ Web Edition


---------------------
; Table of Contents ;
---------------------
  1. Legal Notice
  2. MIF/HEX Update Summary
  3. MIF/HEX Update Processed Files
  4. MIF/HEX Update Messages



----------------
; Legal Notice ;
----------------
Copyright (C) 1991-2013 Altera Corporation
Your use of Altera Corporation's design tools, logic functions 
and other software and tools, and its AMPP partner logic 
functions, and any output files from any of the foregoing 
(including device programming or simulation files), and any 
associated documentation or information are expressly subject 
to the terms and conditions of the Altera Program License 
Subscription Agreement, Altera MegaCore Function License 
Agreement, or other applicable license agreement, including, 
without limitation, that your use is for the sole purpose of 
programming logic devices manufactured by Altera and sold by 
Altera or its authorized distributors.  Please refer to the 
applicable agreement for further details.



+-----------------------------------------------------------+
; MIF/HEX Update Summary                                    ;
+-----------------------+-----------------------------------+
; MIF/HEX Update Status ; Failed - Fri Jan 22 16:58:08 2016 ;
; Revision Name         ; hello_world                       ;
; Top-level Entity Name ; hello_world                       ;
; Family                ; Cyclone III                       ;
; Device                ; EP3C16F484C6                      ;
+-----------------------+-----------------------------------+


+--------------------------------+
; MIF/HEX Update Processed Files ;
+--------------------------------+
; File Name                      ;
+--------------------------------+


+-------------------------+
; MIF/HEX Update Messages ;
+-------------------------+
Info: *******************************************************************
Info: Running Quartus II 64-Bit MIF/HEX Update
    Info: Version 13.1.0 Build 162 10/23/2013 SJ Web Edition
    Info: Processing started: Fri Jan 22 16:58:07 2016
Info: Command: quartus_cdb hello_world -c hello_world --update_mif
Warning (39023): Can't find Memory Initialization File first_nios2_system_onchip_mem.hex -- skipped updates for this file
Warning (39023): Can't find Memory Initialization File first_nios2_system_cpu_ic_tag_ram.mif -- skipped updates for this file
Warning (39023): Can't find Memory Initialization File first_nios2_system_cpu_rf_ram_a.mif -- skipped updates for this file
Warning (39023): Can't find Memory Initialization File first_nios2_system_cpu_rf_ram_b.mif -- skipped updates for this file
Warning (39023): Can't find Memory Initialization File first_nios2_system_cpu_ociram_default_contents.mif -- skipped updates for this file
Error (39022): Found no valid Memory Initialization File to process
Error: Quartus II 64-Bit MIF/HEX Update was unsuccessful. 1 error, 5 warnings
    Error: Peak virtual memory: 512 megabytes
    Error: Processing ended: Fri Jan 22 16:58:09 2016
    Error: Elapsed time: 00:00:02
    Error: Total CPU time (on all processors): 00:00:02


